<?xml version="1.0" encoding="UTF-8"?>
<!-- Generated by org.testng.reporters.JUnitReportReporter -->
<testsuite hostname="LIN60016880" failures="0" tests="1" name="TestNg.Day2" time="0.001" errors="0" timestamp="2022-09-06T19:31:27 IST" skipped="0">
  <testcase classname="TestNg.Day2" name="loan" time="0.001"/>
  <system-out/>
</testsuite> <!-- TestNg.Day2 -->
