<?xml version="1.0" encoding="UTF-8"?>
<!-- Generated by org.testng.reporters.JUnitReportReporter -->
<testsuite hostname="LIN60016880" failures="0" tests="4" name="TestNg.Day3" time="0.006" errors="0" timestamp="2022-09-06T19:31:27 IST" skipped="0">
  <testcase classname="TestNg.Day3" name="carLoan" time="0.001"/>
  <system-out/>
  <testcase classname="TestNg.Day3" name="personalLoan" time="0.001"/>
  <system-out/>
  <testcase classname="TestNg.Day3" name="EducationLoan" time="0.002"/>
  <system-out/>
  <testcase classname="TestNg.Day3" name="homeLoan" time="0.002"/>
  <system-out/>
</testsuite> <!-- TestNg.Day3 -->
