<?xml version="1.0" encoding="UTF-8"?>
<!-- Generated by org.testng.reporters.JUnitReportReporter -->
<testsuite hostname="LIN60016880" failures="0" tests="2" name="TestNg.Day1" time="0.012" errors="0" timestamp="2022-09-06T19:31:27 IST" skipped="0">
  <testcase classname="TestNg.Day1" name="day1" time="0.011"/>
  <system-out/>
  <testcase classname="TestNg.Day1" name="demo" time="0.001"/>
  <system-out/>
</testsuite> <!-- TestNg.Day1 -->
