<?xml version="1.0" encoding="UTF-8"?>
<!-- Generated by org.testng.reporters.JUnitReportReporter -->
<testsuite hostname="LIN60016880" failures="0" tests="1" name="TestNg.Day4" time="0.002" errors="0" timestamp="2022-09-06T19:31:27 IST" skipped="0">
  <testcase classname="TestNg.Day4" name="onlineclass" time="0.002"/>
  <system-out/>
</testsuite> <!-- TestNg.Day4 -->
